C51 COMPILER V9.01   MAIN                                                                  03/30/2022 21:36:01 PAGE 1   


C51 COMPILER V9.01, COMPILATION OF MODULE MAIN
OBJECT MODULE PLACED IN main.OBJ
COMPILER INVOKED BY: D:\KEILC51\C51\BIN\C51.EXE main.c BROWSE DEBUG OBJECTEXTEND

line level    source

   1          
   2          #include "reg52.h"
   3          
   4          sfr P_SW1=0xA2; //串口切换地址
   5          
   6          typedef unsigned int u16;       //对系统默认数据类型进行重定义
   7          typedef unsigned char u8;
   8          static int time=5000;   //检测间隔时间参数
   9          static char rec_data[64];       //存储中转数组
  10          static int i=0,j=0;     //数组元素位    
  11          static int count=0,countCompare=0;      //记录和比较值
  12          static int bool=1;      //判断接收发送  
  13          
  14          void uart_init(u8 baud)
  15          {
  16   1              TMOD|=0X20;     //设置计数器工作方式2
  17   1              SCON=0X50;      //设置为工作方式1
  18   1              PCON=0X80;      //波特率加倍
  19   1              TH1=baud;       //计数器初始值设置
  20   1              TL1=baud;
  21   1              ES=1;           //打开接收中断
  22   1              EA=1;           //打开总中断
  23   1              TR1=1;          //打开计数器            
  24   1      }
  25          
  26          
  27          void main()
  28          {       
  29   1              uart_init(0XFA);//波特率为9600
  30   1              P_SW1=0x00;
  31   1              while(1)
  32   1              {       
  33   2                      countCompare=count;             
  34   2                      while(time--);
  35   2                      if(countCompare==count&&count!=0&&bool==1)
  36   2                      {
  37   3                              if(P_SW1==0x00){
  38   4                                //P_SW1=0x00;
  39   4                                P_SW1=0x40;
  40   4                                //P_SW1=0x80;
  41   4                                bool=0;
  42   4                                count=0;
  43   4                                j=i;
  44   4                                i=0;
  45   4                                SBUF=rec_data[i];
  46   4                                i++; 
  47   4                              }
  48   3                              else{
  49   4                                P_SW1=0x00;
  50   4                                bool=0;
  51   4                                count=0;
  52   4                                j=i;
  53   4                                i=0;
  54   4                                SBUF=rec_data[i];
  55   4                                i++;
C51 COMPILER V9.01   MAIN                                                                  03/30/2022 21:36:01 PAGE 2   

  56   4                              }
  57   3                      }
  58   2                      if(countCompare==count&&count!=0&&bool==0)
  59   2                      {
  60   3                              bool=1;
  61   3                              i=0;
  62   3                              count=0;
  63   3                      }                                                       
  64   2              }               
  65   1      }
  66          
  67          void uart() interrupt 4 //串口通信中断函数
  68          {
  69   1              if(bool==1)
  70   1              {
  71   2              RI = 0;                 //清除接收中断标志位
  72   2              rec_data[i]=SBUF;       //存储接收到的数据
  73   2              i++;            //切换数组元素
  74   2              count++;          //增加记录数
  75   2              }
  76   1              else
  77   1              {
  78   2                      if(i<=j)
  79   2                      {
  80   3                      TI=0;
  81   3                      SBUF=rec_data[i];
  82   3                      i++;
  83   3                      count++;
  84   3                      }
  85   2              }                               
  86   1      }


MODULE INFORMATION:   STATIC OVERLAYABLE
   CODE SIZE        =    296    ----
   CONSTANT SIZE    =   ----    ----
   XDATA SIZE       =   ----    ----
   PDATA SIZE       =   ----    ----
   DATA SIZE        =     76    ----
   IDATA SIZE       =   ----    ----
   BIT SIZE         =   ----    ----
END OF MODULE INFORMATION.


C51 COMPILATION COMPLETE.  0 WARNING(S),  0 ERROR(S)
